---------------------------------------------------------------
[ 2020-11-26T09:41:39+08:00 ] 127.0.0.1 GET www.tp.com/
[ info ] [ LANG ] E:\wwwlog\lx_v1\thinkphp\lang\zh-cn.php
[ info ] [ ROUTE ] array (
  'type' => 'module',
  'module' => 
  array (
    0 => '',
    1 => NULL,
    2 => NULL,
  ),
)
[ info ] [ HEADER ] array (
  'host' => 'www.tp.com',
  'connection' => 'keep-alive',
  'cache-control' => 'max-age=0',
  'upgrade-insecure-requests' => '1',
  'user-agent' => 'Mozilla/5.0 (Windows NT 10.0; Win64; x64) AppleWebKit/537.36 (KHTML, like Gecko) Chrome/87.0.4280.66 Safari/537.36',
  'accept' => 'text/html,application/xhtml+xml,application/xml;q=0.9,image/avif,image/webp,image/apng,*/*;q=0.8,application/signed-exchange;v=b3;q=0.9',
  'accept-encoding' => 'gzip, deflate',
  'accept-language' => 'zh-CN,zh;q=0.9',
)
[ info ] [ PARAM ] array (
)
[ info ] [ RUN ] app\home\controller\Index->index[ E:\wwwlog\lx_v1\application\home\controller\Index.php ]
[ info ] 测试日志信息，这是警告级别，并且实时写入
---------------------------------------------------------------
[ 2020-11-26T09:41:45+08:00 ] 127.0.0.1 GET www.tp.com/admin/login
[运行时间：0.080024s] [吞吐率：12.50req/s] [内存消耗：2,082.55kb] [文件加载：40]
[ info ] [ LANG ] E:\wwwlog\lx_v1\thinkphp\lang\zh-cn.php
[ info ] [ ROUTE ] array (
  'type' => 'module',
  'module' => 
  array (
    0 => 'admin',
    1 => 'login',
    2 => NULL,
  ),
)
[ info ] [ HEADER ] array (
  'host' => 'www.tp.com',
  'connection' => 'keep-alive',
  'upgrade-insecure-requests' => '1',
  'user-agent' => 'Mozilla/5.0 (Windows NT 10.0; Win64; x64) AppleWebKit/537.36 (KHTML, like Gecko) Chrome/87.0.4280.66 Safari/537.36',
  'accept' => 'text/html,application/xhtml+xml,application/xml;q=0.9,image/avif,image/webp,image/apng,*/*;q=0.8,application/signed-exchange;v=b3;q=0.9',
  'accept-encoding' => 'gzip, deflate',
  'accept-language' => 'zh-CN,zh;q=0.9',
)
[ info ] [ PARAM ] array (
  '/admin/login' => '',
)
[ info ] [ RUN ] app\admin\controller\Login->index[ E:\wwwlog\lx_v1\application\admin\controller\Login.php ]
[ info ] [ SESSION ] INIT array (
  'id' => '',
  'var_session_id' => '',
  'prefix' => 'think',
  'type' => '',
  'auto_start' => true,
)
[ info ] [ VIEW ] E:\wwwlog\lx_v1\public/../application/admin\view\login\index.html [ array (
) ]
[ info ] [ LOG ] INIT File
---------------------------------------------------------------
[ 2020-11-26T09:41:45+08:00 ] 127.0.0.1 GET www.tp.com/captcha.html
[运行时间：0.097570s] [吞吐率：10.25req/s] [内存消耗：1,741.64kb] [文件加载：33]
[ info ] [ LANG ] E:\wwwlog\lx_v1\thinkphp\lang\zh-cn.php
[ info ] [ ROUTE ] array (
  'type' => 'method',
  'method' => 
  array (
    0 => '\\think\\captcha\\CaptchaController',
    1 => 'index',
  ),
  'var' => 
  array (
  ),
)
[ info ] [ HEADER ] array (
  'host' => 'www.tp.com',
  'connection' => 'keep-alive',
  'user-agent' => 'Mozilla/5.0 (Windows NT 10.0; Win64; x64) AppleWebKit/537.36 (KHTML, like Gecko) Chrome/87.0.4280.66 Safari/537.36',
  'accept' => 'image/avif,image/webp,image/apng,image/*,*/*;q=0.8',
  'referer' => 'http://www.tp.com/admin/login',
  'accept-encoding' => 'gzip, deflate',
  'accept-language' => 'zh-CN,zh;q=0.9',
  'cookie' => 'PHPSESSID=cf45o00nqmnkdeqrfb0oste1h2',
)
[ info ] [ PARAM ] array (
  '/captcha_html' => '',
  'id' => NULL,
)
[ info ] [ RUN ] think\captcha\CaptchaController->index[ E:\wwwlog\lx_v1\vendor\topthink\think-captcha\src\CaptchaController.php ]
[ info ] [ SESSION ] INIT array (
  'id' => '',
  'var_session_id' => '',
  'prefix' => 'think',
  'type' => '',
  'auto_start' => true,
)
[ info ] [ LOG ] INIT File
---------------------------------------------------------------
[ 2020-11-26T09:41:55+08:00 ] 127.0.0.1 POST www.tp.com/admin/login
[运行时间：0.135034s] [吞吐率：7.41req/s] [内存消耗：3,416.69kb] [文件加载：50]
[ info ] [ LANG ] E:\wwwlog\lx_v1\thinkphp\lang\zh-cn.php
[ info ] [ ROUTE ] array (
  'type' => 'module',
  'module' => 
  array (
    0 => 'admin',
    1 => 'login',
    2 => NULL,
  ),
)
[ info ] [ HEADER ] array (
  'host' => 'www.tp.com',
  'connection' => 'keep-alive',
  'content-length' => '46',
  'accept' => '*/*',
  'x-requested-with' => 'XMLHttpRequest',
  'user-agent' => 'Mozilla/5.0 (Windows NT 10.0; Win64; x64) AppleWebKit/537.36 (KHTML, like Gecko) Chrome/87.0.4280.66 Safari/537.36',
  'content-type' => 'application/x-www-form-urlencoded; charset=UTF-8',
  'origin' => 'http://www.tp.com',
  'referer' => 'http://www.tp.com/admin/login',
  'accept-encoding' => 'gzip, deflate',
  'accept-language' => 'zh-CN,zh;q=0.9',
  'cookie' => 'PHPSESSID=cf45o00nqmnkdeqrfb0oste1h2',
)
[ info ] [ PARAM ] array (
  '/admin/login' => '',
  'user_name' => 'admin',
  'password' => 'admin123',
  'vercode' => '2d6z',
)
[ info ] [ RUN ] app\admin\controller\Login->index[ E:\wwwlog\lx_v1\application\admin\controller\Login.php ]
[ info ] [ SESSION ] INIT array (
  'id' => '',
  'var_session_id' => '',
  'prefix' => 'think',
  'type' => '',
  'auto_start' => true,
)
[ info ] [ DB ] INIT mysql
[ info ] [ LOG ] INIT File
---------------------------------------------------------------
[ 2020-11-26T09:42:01+08:00 ] 127.0.0.1 POST www.tp.com/admin/login
[运行时间：0.191897s] [吞吐率：5.21req/s] [内存消耗：3,572.92kb] [文件加载：51]
[ info ] [ LANG ] E:\wwwlog\lx_v1\thinkphp\lang\zh-cn.php
[ info ] [ ROUTE ] array (
  'type' => 'module',
  'module' => 
  array (
    0 => 'admin',
    1 => 'login',
    2 => NULL,
  ),
)
[ info ] [ HEADER ] array (
  'host' => 'www.tp.com',
  'connection' => 'keep-alive',
  'content-length' => '44',
  'accept' => '*/*',
  'x-requested-with' => 'XMLHttpRequest',
  'user-agent' => 'Mozilla/5.0 (Windows NT 10.0; Win64; x64) AppleWebKit/537.36 (KHTML, like Gecko) Chrome/87.0.4280.66 Safari/537.36',
  'content-type' => 'application/x-www-form-urlencoded; charset=UTF-8',
  'origin' => 'http://www.tp.com',
  'referer' => 'http://www.tp.com/admin/login',
  'accept-encoding' => 'gzip, deflate',
  'accept-language' => 'zh-CN,zh;q=0.9',
  'cookie' => 'PHPSESSID=cf45o00nqmnkdeqrfb0oste1h2',
)
[ info ] [ PARAM ] array (
  '/admin/login' => '',
  'user_name' => 'admin',
  'password' => '123456',
  'vercode' => '2d6z',
)
[ info ] [ RUN ] app\admin\controller\Login->index[ E:\wwwlog\lx_v1\application\admin\controller\Login.php ]
[ info ] [ SESSION ] INIT array (
  'id' => '',
  'var_session_id' => '',
  'prefix' => 'think',
  'type' => '',
  'auto_start' => true,
)
[ info ] [ DB ] INIT mysql
[ info ] [ LOG ] INIT File
---------------------------------------------------------------
[ 2020-11-26T09:42:02+08:00 ] 127.0.0.1 GET www.tp.com/admin/Index/index.html
[运行时间：0.135658s] [吞吐率：7.37req/s] [内存消耗：3,515.82kb] [文件加载：50]
[ info ] [ LANG ] E:\wwwlog\lx_v1\thinkphp\lang\zh-cn.php
[ info ] [ ROUTE ] array (
  'type' => 'module',
  'module' => 
  array (
    0 => 'admin',
    1 => 'Index',
    2 => 'index',
  ),
)
[ info ] [ HEADER ] array (
  'host' => 'www.tp.com',
  'connection' => 'keep-alive',
  'upgrade-insecure-requests' => '1',
  'user-agent' => 'Mozilla/5.0 (Windows NT 10.0; Win64; x64) AppleWebKit/537.36 (KHTML, like Gecko) Chrome/87.0.4280.66 Safari/537.36',
  'accept' => 'text/html,application/xhtml+xml,application/xml;q=0.9,image/avif,image/webp,image/apng,*/*;q=0.8,application/signed-exchange;v=b3;q=0.9',
  'referer' => 'http://www.tp.com/admin/login',
  'accept-encoding' => 'gzip, deflate',
  'accept-language' => 'zh-CN,zh;q=0.9',
  'cookie' => 'PHPSESSID=cf45o00nqmnkdeqrfb0oste1h2',
)
[ info ] [ PARAM ] array (
  '/admin/Index/index_html' => '',
)
[ info ] [ SESSION ] INIT array (
  'id' => '',
  'var_session_id' => '',
  'prefix' => 'think',
  'type' => '',
  'auto_start' => true,
)
[ info ] [ RUN ] app\admin\controller\Index->index[ E:\wwwlog\lx_v1\application\admin\controller\Index.php ]
[ info ] [ DB ] INIT mysql
[ info ] [ VIEW ] E:\wwwlog\lx_v1\public/../application/admin\view\index\index.html [ array (
  0 => 'msg_count',
  1 => 'msgNoInfo',
  2 => 'msgIsNo',
  3 => 'user_money',
  4 => 'sys_rule',
) ]
[ info ] [ LOG ] INIT File
---------------------------------------------------------------
[ 2020-11-26T09:42:02+08:00 ] 127.0.0.1 GET www.tp.com/admin/Index/console.html
[运行时间：0.080774s] [吞吐率：12.38req/s] [内存消耗：2,176.00kb] [文件加载：41]
[ info ] [ LANG ] E:\wwwlog\lx_v1\thinkphp\lang\zh-cn.php
[ info ] [ ROUTE ] array (
  'type' => 'module',
  'module' => 
  array (
    0 => 'admin',
    1 => 'Index',
    2 => 'console',
  ),
)
[ info ] [ HEADER ] array (
  'host' => 'www.tp.com',
  'connection' => 'keep-alive',
  'upgrade-insecure-requests' => '1',
  'user-agent' => 'Mozilla/5.0 (Windows NT 10.0; Win64; x64) AppleWebKit/537.36 (KHTML, like Gecko) Chrome/87.0.4280.66 Safari/537.36',
  'accept' => 'text/html,application/xhtml+xml,application/xml;q=0.9,image/avif,image/webp,image/apng,*/*;q=0.8,application/signed-exchange;v=b3;q=0.9',
  'referer' => 'http://www.tp.com/admin/Index/index.html',
  'accept-encoding' => 'gzip, deflate',
  'accept-language' => 'zh-CN,zh;q=0.9',
  'cookie' => 'PHPSESSID=cf45o00nqmnkdeqrfb0oste1h2',
)
[ info ] [ PARAM ] array (
  '/admin/Index/console_html' => '',
)
[ info ] [ SESSION ] INIT array (
  'id' => '',
  'var_session_id' => '',
  'prefix' => 'think',
  'type' => '',
  'auto_start' => true,
)
[ info ] [ RUN ] app\admin\controller\Index->console[ E:\wwwlog\lx_v1\application\admin\controller\Index.php ]
[ info ] [ VIEW ] E:\wwwlog\lx_v1\public/../application/admin\view\index\console.html [ array (
  0 => 'info',
) ]
[ info ] [ LOG ] INIT File
---------------------------------------------------------------
[ 2020-11-26T09:42:09+08:00 ] 127.0.0.1 GET www.tp.com/admin/Message/msgList.html
[运行时间：0.078379s] [吞吐率：12.76req/s] [内存消耗：2,199.69kb] [文件加载：42]
[ info ] [ LANG ] E:\wwwlog\lx_v1\thinkphp\lang\zh-cn.php
[ info ] [ ROUTE ] array (
  'type' => 'module',
  'module' => 
  array (
    0 => 'admin',
    1 => 'Message',
    2 => 'msgList',
  ),
)
[ info ] [ HEADER ] array (
  'host' => 'www.tp.com',
  'connection' => 'keep-alive',
  'upgrade-insecure-requests' => '1',
  'user-agent' => 'Mozilla/5.0 (Windows NT 10.0; Win64; x64) AppleWebKit/537.36 (KHTML, like Gecko) Chrome/87.0.4280.66 Safari/537.36',
  'accept' => 'text/html,application/xhtml+xml,application/xml;q=0.9,image/avif,image/webp,image/apng,*/*;q=0.8,application/signed-exchange;v=b3;q=0.9',
  'referer' => 'http://www.tp.com/admin/Index/index.html',
  'accept-encoding' => 'gzip, deflate',
  'accept-language' => 'zh-CN,zh;q=0.9',
  'cookie' => 'PHPSESSID=cf45o00nqmnkdeqrfb0oste1h2',
)
[ info ] [ PARAM ] array (
  '/admin/Message/msgList_html' => '',
)
[ info ] [ SESSION ] INIT array (
  'id' => '',
  'var_session_id' => '',
  'prefix' => 'think',
  'type' => '',
  'auto_start' => true,
)
[ info ] [ RUN ] app\admin\controller\Message->msgList[ E:\wwwlog\lx_v1\application\admin\controller\Message.php ]
[ info ] [ VIEW ] E:\wwwlog\lx_v1\public/../application/admin\view\message\msg_list.html [ array (
) ]
[ info ] [ LOG ] INIT File
---------------------------------------------------------------
[ 2020-11-26T09:42:09+08:00 ] 127.0.0.1 POST www.tp.com/admin/Message/msgList.html
[运行时间：0.242665s] [吞吐率：4.12req/s] [内存消耗：3,635.91kb] [文件加载：54]
[ info ] [ LANG ] E:\wwwlog\lx_v1\thinkphp\lang\zh-cn.php
[ info ] [ ROUTE ] array (
  'type' => 'module',
  'module' => 
  array (
    0 => 'admin',
    1 => 'Message',
    2 => 'msgList',
  ),
)
[ info ] [ HEADER ] array (
  'host' => 'www.tp.com',
  'connection' => 'keep-alive',
  'content-length' => '16',
  'accept' => 'application/json, text/javascript, */*; q=0.01',
  'x-requested-with' => 'XMLHttpRequest',
  'user-agent' => 'Mozilla/5.0 (Windows NT 10.0; Win64; x64) AppleWebKit/537.36 (KHTML, like Gecko) Chrome/87.0.4280.66 Safari/537.36',
  'content-type' => 'application/x-www-form-urlencoded; charset=UTF-8',
  'origin' => 'http://www.tp.com',
  'referer' => 'http://www.tp.com/admin/Message/msgList.html',
  'accept-encoding' => 'gzip, deflate',
  'accept-language' => 'zh-CN,zh;q=0.9',
  'cookie' => 'PHPSESSID=cf45o00nqmnkdeqrfb0oste1h2',
)
[ info ] [ PARAM ] array (
  '/admin/Message/msgList_html' => '',
  'page' => '1',
  'limit' => '100',
)
[ info ] [ SESSION ] INIT array (
  'id' => '',
  'var_session_id' => '',
  'prefix' => 'think',
  'type' => '',
  'auto_start' => true,
)
[ info ] [ RUN ] app\admin\controller\Message->msgList[ E:\wwwlog\lx_v1\application\admin\controller\Message.php ]
[ info ] [ DB ] INIT mysql
[ info ] [ LOG ] INIT File
